==12934== NVPROF is profiling process 12934, command: ./min_sum
==12934== Warning: Unified Memory Profiling is not supported on the underlying platform. System requirements for unified memory can be found at: http://docs.nvidia.com/cuda/cuda-c-programming-guide/index.html#um-requirements
==12934== Profiling application: ./min_sum
==12934== Profiling result:
            Type  Time(%)      Time     Calls       Avg       Min       Max  Name
 GPU activities:   96.66%  3.3092ms         1  3.3092ms  3.3092ms  3.3092ms  GPU_min_sum(unsigned char*, unsigned char*, unsigned short*)
                    1.67%  57.160us         1  57.160us  57.160us  57.160us  [CUDA memcpy DtoH]
                    1.67%  57.095us         3  19.031us  1.0890us  54.405us  [CUDA memcpy HtoD]
      API calls:   97.82%  267.85ms         4  66.963ms  16.064us  266.62ms  cudaHostAlloc
                    1.45%  3.9574ms         4  989.35us  34.784us  3.4178ms  cudaMemcpy
                    0.42%  1.1589ms         3  386.29us  10.048us  1.1340ms  cudaMalloc
                    0.18%  480.10us         4  120.02us  22.624us  248.96us  cudaFreeHost
                    0.06%  173.63us         3  57.877us  11.872us  140.99us  cudaFree
                    0.03%  92.640us        97     955ns     416ns  26.784us  cuDeviceGetAttribute
                    0.03%  81.696us         1  81.696us  81.696us  81.696us  cudaLaunchKernel
                    0.00%  8.2240us         1  8.2240us  8.2240us  8.2240us  cuDeviceTotalMem
                    0.00%  5.0240us         3  1.6740us     928ns  2.3680us  cuDeviceGetCount
                    0.00%  2.2400us         2  1.1200us     928ns  1.3120us  cuDeviceGet
                    0.00%  1.1200us         1  1.1200us  1.1200us  1.1200us  cuDeviceGetName
                    0.00%     576ns         1     576ns     576ns     576ns  cuDeviceGetUuid
