==8730== NVPROF is profiling process 8730, command: ./min_sum
==8730== Warning: Unified Memory Profiling is not supported on the underlying platform. System requirements for unified memory can be found at: http://docs.nvidia.com/cuda/cuda-c-programming-guide/index.html#um-requirements
==8730== Profiling application: ./min_sum
==8730== Profiling result:
            Type  Time(%)      Time     Calls       Avg       Min       Max  Name
 GPU activities:   96.36%  10.762ms         1  10.762ms  10.762ms  10.762ms  GPU_min_sum(unsigned char*, unsigned char*, unsigned char*)
                    1.88%  210.05us         3  70.015us     480ns  208.29us  [CUDA memcpy HtoD]
                    1.76%  196.28us         1  196.28us  196.28us  196.28us  [CUDA memcpy DtoH]
      API calls:   94.21%  270.35ms         4  67.588ms  15.392us  267.01ms  cudaHostAlloc
                    4.09%  11.724ms         4  2.9309ms  42.751us  10.990ms  cudaMemcpy
                    1.07%  3.0571ms         3  1.0190ms  12.416us  1.9944ms  cudaMalloc
                    0.46%  1.3153ms         4  328.82us  24.128us  563.33us  cudaFreeHost
                    0.12%  342.21us         3  114.07us  19.872us  209.86us  cudaFree
                    0.03%  90.944us        97     937ns     416ns  26.592us  cuDeviceGetAttribute
                    0.03%  83.072us         1  83.072us  83.072us  83.072us  cudaLaunchKernel
                    0.00%  8.2240us         1  8.2240us  8.2240us  8.2240us  cuDeviceTotalMem
                    0.00%  4.8640us         3  1.6210us     864ns  2.5600us  cuDeviceGetCount
                    0.00%  2.4960us         2  1.2480us     960ns  1.5360us  cuDeviceGet
                    0.00%  1.4720us         1  1.4720us  1.4720us  1.4720us  cuDeviceGetName
                    0.00%     544ns         1     544ns     544ns     544ns  cuDeviceGetUuid
