==1181== NVPROF is profiling process 1181, command: ./min_sum
==1181== Warning: Unified Memory Profiling is not supported on the underlying platform. System requirements for unified memory can be found at: http://docs.nvidia.com/cuda/cuda-c-programming-guide/index.html#um-requirements
==1181== Profiling application: ./min_sum
==1181== Profiling result:
            Type  Time(%)      Time     Calls       Avg       Min       Max  Name
 GPU activities:   99.03%  1.4990ms         1  1.4990ms  1.4990ms  1.4990ms  GPU_min_sum(unsigned char*)
                    0.58%  8.8060us         3  2.9350us     313ns  8.1800us  [CUDA memcpy HtoD]
                    0.39%  5.9400us         1  5.9400us  5.9400us  5.9400us  [CUDA memcpy DtoH]
      API calls:   98.94%  320.02ms         2  160.01ms  16.250us  320.00ms  cudaHostAlloc
                    0.57%  1.8574ms         2  928.72us  291.21us  1.5662ms  cudaMemcpy
                    0.28%  894.14us         1  894.14us  894.14us  894.14us  cudaMalloc
                    0.07%  233.60us         2  116.80us  32.241us  201.36us  cudaFreeHost
                    0.05%  155.26us         1  155.26us  155.26us  155.26us  cudaFree
                    0.03%  106.99us        97  1.1020us     572ns  22.657us  cuDeviceGetAttribute
                    0.03%  84.482us         2  42.241us  34.480us  50.002us  cudaMemcpyToSymbol
                    0.02%  78.492us         1  78.492us  78.492us  78.492us  cudaLaunchKernel
                    0.00%  7.4480us         1  7.4480us  7.4480us  7.4480us  cuDeviceTotalMem
                    0.00%  5.9390us         3  1.9790us  1.3030us  2.8130us  cuDeviceGetCount
                    0.00%  3.1250us         2  1.5620us  1.0940us  2.0310us  cuDeviceGet
                    0.00%  1.5100us         1  1.5100us  1.5100us  1.5100us  cuDeviceGetName
                    0.00%  1.0410us         1  1.0410us  1.0410us  1.0410us  cuDeviceGetUuid
