==3116== NVPROF is profiling process 3116, command: ./min_sum
==3116== Warning: Unified Memory Profiling is not supported on the underlying platform. System requirements for unified memory can be found at: http://docs.nvidia.com/cuda/cuda-c-programming-guide/index.html#um-requirements
==3116== Profiling application: ./min_sum
==3116== Profiling result:
            Type  Time(%)      Time     Calls       Avg       Min       Max  Name
 GPU activities:   99.12%  1.7460ms         1  1.7460ms  1.7460ms  1.7460ms  GPU_min_sum(unsigned char*)
                    0.54%  9.5340us         3  3.1780us     521ns  8.2320us  [CUDA memcpy HtoD]
                    0.34%  5.9390us         1  5.9390us  5.9390us  5.9390us  [CUDA memcpy DtoH]
      API calls:   98.88%  321.46ms         2  160.73ms  18.178us  321.44ms  cudaHostAlloc
                    0.65%  2.1179ms         2  1.0589ms  307.72us  1.8102ms  cudaMemcpy
                    0.26%  860.44us         1  860.44us  860.44us  860.44us  cudaMalloc
                    0.06%  209.69us         2  104.85us  24.532us  185.16us  cudaFreeHost
                    0.05%  161.98us         1  161.98us  161.98us  161.98us  cudaFree
                    0.03%  107.82us        97  1.1110us     625ns  23.699us  cuDeviceGetAttribute
                    0.03%  96.983us         2  48.491us  44.637us  52.346us  cudaMemcpyToSymbol
                    0.02%  80.887us         1  80.887us  80.887us  80.887us  cudaLaunchKernel
                    0.00%  7.5010us         1  7.5010us  7.5010us  7.5010us  cuDeviceTotalMem
                    0.00%  5.9890us         3  1.9960us  1.3540us  2.8640us  cuDeviceGetCount
                    0.00%  3.0200us         2  1.5100us  1.1450us  1.8750us  cuDeviceGet
                    0.00%  1.5620us         1  1.5620us  1.5620us  1.5620us  cuDeviceGetName
                    0.00%     885ns         1     885ns     885ns     885ns  cuDeviceGetUuid
