==17831== NVPROF is profiling process 17831, command: ./min_sum
==17831== Warning: Unified Memory Profiling is not supported on the underlying platform. System requirements for unified memory can be found at: http://docs.nvidia.com/cuda/cuda-c-programming-guide/index.html#um-requirements
==17831== Profiling application: ./min_sum
==17831== Profiling result:
            Type  Time(%)      Time     Calls       Avg       Min       Max  Name
 GPU activities:   65.60%  7.2680us         1  7.2680us  7.2680us  7.2680us  GPU_min_sum(unsigned char*)
                   32.08%  3.5540us         3  1.1840us     256ns  3.0420us  [CUDA memcpy HtoD]
                    2.32%     257ns         1     257ns     257ns     257ns  [CUDA memcpy DtoH]
      API calls:   99.52%  248.27ms         2  124.14ms  20.480us  248.25ms  cudaHostAlloc
                    0.20%  495.84us         1  495.84us  495.84us  495.84us  cudaMalloc
                    0.09%  226.37us         2  113.18us  26.848us  199.52us  cudaFreeHost
                    0.06%  142.75us         1  142.75us  142.75us  142.75us  cudaFree
                    0.05%  114.72us         2  57.360us  30.368us  84.352us  cudaMemcpy
                    0.04%  91.808us        97     946ns     416ns  27.200us  cuDeviceGetAttribute
                    0.03%  65.952us         1  65.952us  65.952us  65.952us  cudaLaunchKernel
                    0.02%  52.672us         2  26.336us  22.368us  30.304us  cudaMemcpyToSymbol
                    0.00%  7.6800us         1  7.6800us  7.6800us  7.6800us  cuDeviceTotalMem
                    0.00%  5.2800us         3  1.7600us     864ns  2.9440us  cuDeviceGetCount
                    0.00%  2.3040us         2  1.1520us     864ns  1.4400us  cuDeviceGet
                    0.00%  1.1200us         1  1.1200us  1.1200us  1.1200us  cuDeviceGetName
                    0.00%     640ns         1     640ns     640ns     640ns  cuDeviceGetUuid
