==4398== NVPROF is profiling process 4398, command: ./min_sum
==4398== Warning: Unified Memory Profiling is not supported on the underlying platform. System requirements for unified memory can be found at: http://docs.nvidia.com/cuda/cuda-c-programming-guide/index.html#um-requirements
==4398== Profiling application: ./min_sum
==4398== Profiling result:
            Type  Time(%)      Time     Calls       Avg       Min       Max  Name
 GPU activities:   99.03%  1.5236ms         1  1.5236ms  1.5236ms  1.5236ms  GPU_min_sum(unsigned char*)
                    0.58%  8.9630us         3  2.9870us     365ns  8.1800us  [CUDA memcpy HtoD]
                    0.39%  5.9410us         1  5.9410us  5.9410us  5.9410us  [CUDA memcpy DtoH]
      API calls:   98.92%  313.75ms         2  156.87ms  17.084us  313.73ms  cudaHostAlloc
                    0.59%  1.8859ms         2  942.95us  314.65us  1.5712ms  cudaMemcpy
                    0.28%  880.24us         1  880.24us  880.24us  880.24us  cudaMalloc
                    0.07%  215.01us         2  107.50us  24.949us  190.06us  cudaFreeHost
                    0.05%  163.34us         1  163.34us  163.34us  163.34us  cudaFree
                    0.03%  108.65us        97  1.1200us     625ns  25.678us  cuDeviceGetAttribute
                    0.03%  82.295us         2  41.147us  34.949us  47.346us  cudaMemcpyToSymbol
                    0.02%  78.856us         1  78.856us  78.856us  78.856us  cudaLaunchKernel
                    0.00%  7.5520us         1  7.5520us  7.5520us  7.5520us  cuDeviceTotalMem
                    0.00%  6.9790us         3  2.3260us  1.2500us  3.2810us  cuDeviceGetCount
                    0.00%  2.6560us         2  1.3280us     937ns  1.7190us  cuDeviceGet
                    0.00%  1.6670us         1  1.6670us  1.6670us  1.6670us  cuDeviceGetName
                    0.00%     885ns         1     885ns     885ns     885ns  cuDeviceGetUuid
